2025-03-21 08:35:16.683 : [background-preinit] - [INFO ] - o.h.validator.internal.util.Version - [36m<clinit>[0;39m - HV000001: Hibernate Validator 8.0.2.Final
2025-03-21 08:35:16.707 : [main] - [INFO ] - c.nnk.springboot.PoseidonApplication - [36mlogStarting[0;39m - Starting PoseidonApplication using Java 21.0.5 with PID 333956 (G:\Openclassrooms\ProjetsParcoursJava\Projet7\poseidon\target\classes started by Paul in G:\Openclassrooms\ProjetsParcoursJava\Projet7\poseidon)
2025-03-21 08:35:16.708 : [main] - [INFO ] - c.nnk.springboot.PoseidonApplication - [36mlogStartupProfileInfo[0;39m - The following 1 profile is active: "dev"
2025-03-21 08:35:17.137 : [main] - [INFO ] - o.s.d.r.c.RepositoryConfigurationDelegate - [36mregisterRepositoriesIn[0;39m - Bootstrapping Spring Data JPA repositories in DEFAULT mode.
2025-03-21 08:35:17.169 : [main] - [INFO ] - o.s.d.r.c.RepositoryConfigurationDelegate - [36mregisterRepositoriesIn[0;39m - Finished Spring Data repository scanning in 27 ms. Found 6 JPA repository interfaces.
2025-03-21 08:35:17.418 : [main] - [INFO ] - o.s.b.w.e.tomcat.TomcatWebServer - [36minitialize[0;39m - Tomcat initialized with port 8080 (http)
2025-03-21 08:35:17.424 : [main] - [INFO ] - o.a.coyote.http11.Http11NioProtocol - [36mlog[0;39m - Initializing ProtocolHandler ["http-nio-8080"]
2025-03-21 08:35:17.425 : [main] - [INFO ] - o.a.catalina.core.StandardService - [36mlog[0;39m - Starting service [Tomcat]
2025-03-21 08:35:17.425 : [main] - [INFO ] - o.a.catalina.core.StandardEngine - [36mlog[0;39m - Starting Servlet engine: [Apache Tomcat/10.1.36]
2025-03-21 08:35:17.449 : [main] - [INFO ] - o.a.c.c.C.[Tomcat].[localhost].[/] - [36mlog[0;39m - Initializing Spring embedded WebApplicationContext
2025-03-21 08:35:17.449 : [main] - [INFO ] - o.s.b.w.s.c.ServletWebServerApplicationContext - [36mprepareWebApplicationContext[0;39m - Root WebApplicationContext: initialization completed in 612 ms
2025-03-21 08:35:17.517 : [main] - [INFO ] - o.h.jpa.internal.util.LogHelper - [36mlogPersistenceUnitInformation[0;39m - HHH000204: Processing PersistenceUnitInfo [name: default]
2025-03-21 08:35:17.539 : [main] - [INFO ] - org.hibernate.Version - [36mlogVersion[0;39m - HHH000412: Hibernate ORM core version 6.6.8.Final
2025-03-21 08:35:17.553 : [main] - [INFO ] - o.h.c.i.RegionFactoryInitiator - [36minitiateService[0;39m - HHH000026: Second-level cache disabled
2025-03-21 08:35:17.672 : [main] - [INFO ] - o.s.o.j.p.SpringPersistenceUnitInfo - [36maddTransformer[0;39m - No LoadTimeWeaver setup: ignoring JPA class transformer
2025-03-21 08:35:17.686 : [main] - [INFO ] - com.zaxxer.hikari.HikariDataSource - [36mgetConnection[0;39m - HikariPool-1 - Starting...
2025-03-21 08:35:17.847 : [main] - [INFO ] - com.zaxxer.hikari.pool.HikariPool - [36mcheckFailFast[0;39m - HikariPool-1 - Added connection com.mysql.cj.jdbc.ConnectionImpl@2211e731
2025-03-21 08:35:17.848 : [main] - [INFO ] - com.zaxxer.hikari.HikariDataSource - [36mgetConnection[0;39m - HikariPool-1 - Start completed.
2025-03-21 08:35:17.889 : [main] - [INFO ] - o.hibernate.orm.connections.pooling - [36minitiateService[0;39m - HHH10001005: Database info:
	Database JDBC URL [Connecting through datasource 'HikariDataSource (HikariPool-1)']
	Database driver: undefined/unknown
	Database version: 9.1
	Autocommit mode: undefined/unknown
	Isolation level: undefined/unknown
	Minimum pool size: undefined/unknown
	Maximum pool size: undefined/unknown
2025-03-21 08:35:18.339 : [main] - [INFO ] - o.h.e.t.j.p.i.JtaPlatformInitiator - [36minitiateService[0;39m - HHH000489: No JTA platform available (set 'hibernate.transaction.jta.platform' to enable JTA platform integration)
2025-03-21 08:35:18.365 : [main] - [INFO ] - o.s.o.j.LocalContainerEntityManagerFactoryBean - [36mbuildNativeEntityManagerFactory[0;39m - Initialized JPA EntityManagerFactory for persistence unit 'default'
2025-03-21 08:35:18.494 : [main] - [INFO ] - c.n.s.s.config.SpringSecurityConfig - [36m<init>[0;39m - ====> Loading Spring Security Configuration<====
2025-03-21 08:35:18.495 : [main] - [INFO ] - c.n.s.s.config.SpringSecurityConfig - [36mpasswordEncoder[0;39m - ====> Loading Spring Security : BCryptPasswordEncoder <====
2025-03-21 08:35:18.545 : [main] - [WARN ] - o.s.b.a.o.j.JpaBaseConfiguration$JpaWebConfiguration - [36mopenEntityManagerInViewInterceptor[0;39m - spring.jpa.open-in-view is enabled by default. Therefore, database queries may be performed during view rendering. Explicitly configure spring.jpa.open-in-view to disable this warning
2025-03-21 08:35:18.553 : [main] - [INFO ] - o.s.s.c.a.a.c.InitializeUserDetailsBeanManagerConfigurer$InitializeUserDetailsManagerConfigurer - [36mconfigure[0;39m - Global AuthenticationManager configured with UserDetailsService bean with name customUserDetailsService
2025-03-21 08:35:18.658 : [main] - [INFO ] - c.n.s.s.config.SpringSecurityConfig - [36mfilterChain[0;39m - ====> Loading Spring Security : SecurityFilterChain <====
2025-03-21 08:35:18.684 : [main] - [INFO ] - c.n.s.s.config.SpringSecurityConfig - [36mauthenticationManager[0;39m - ====> Loading Spring Security : AuthenticationManager <====
2025-03-21 08:35:18.821 : [main] - [INFO ] - o.a.coyote.http11.Http11NioProtocol - [36mlog[0;39m - Starting ProtocolHandler ["http-nio-8080"]
2025-03-21 08:35:18.830 : [main] - [INFO ] - o.s.b.w.e.tomcat.TomcatWebServer - [36mstart[0;39m - Tomcat started on port 8080 (http) with context path '/'
2025-03-21 08:35:18.834 : [main] - [INFO ] - c.nnk.springboot.PoseidonApplication - [36mlogStarted[0;39m - Started PoseidonApplication in 2.372 seconds (process running for 2.694)
2025-03-21 08:35:18.835 : [main] - [INFO ] - c.nnk.springboot.PoseidonApplication - [36mmain[0;39m - ====> Application Poseidon started <====
2025-03-21 08:35:21.182 : [http-nio-8080-exec-1] - [INFO ] - o.a.c.c.C.[Tomcat].[localhost].[/] - [36mlog[0;39m - Initializing Spring DispatcherServlet 'dispatcherServlet'
2025-03-21 08:35:21.182 : [http-nio-8080-exec-1] - [INFO ] - o.s.web.servlet.DispatcherServlet - [36minitServletBean[0;39m - Initializing Servlet 'dispatcherServlet'
2025-03-21 08:35:21.183 : [http-nio-8080-exec-1] - [INFO ] - o.s.web.servlet.DispatcherServlet - [36minitServletBean[0;39m - Completed initialization in 1 ms
2025-03-21 08:35:21.218 : [http-nio-8080-exec-2] - [INFO ] - c.n.s.controllers.LoginController - [36mlogin[0;39m - ====> GET /app/login <====
2025-03-21 08:35:22.635 : [http-nio-8080-exec-5] - [INFO ] - c.n.s.s.s.CustomUserDetailsService - [36mloadUserByUsername[0;39m - ====> Authenticate user with username 'admin.admin' <====
2025-03-21 08:35:22.701 : [http-nio-8080-exec-5] - [DEBUG] - org.hibernate.SQL - [36mlogStatement[0;39m - select u1_0.user_id,u1_0.fullname,u1_0.password,u1_0.role,u1_0.username from user u1_0 where u1_0.username=?
2025-03-21 08:35:22.773 : [http-nio-8080-exec-4] - [INFO ] - c.n.s.controllers.HomeController - [36mhome[0;39m - ====> GET / <====
2025-03-21 08:35:25.894 : [http-nio-8080-exec-7] - [INFO ] - c.n.s.controllers.UserController - [36mhome[0;39m - ====> GET /user/list <====
2025-03-21 08:35:25.896 : [http-nio-8080-exec-7] - [DEBUG] - org.hibernate.SQL - [36mlogStatement[0;39m - select u1_0.user_id,u1_0.fullname,u1_0.password,u1_0.role,u1_0.username from user u1_0 where u1_0.username<>?
2025-03-21 08:35:32.397 : [http-nio-8080-exec-10] - [INFO ] - c.n.s.controllers.LoginController - [36mlogin[0;39m - ====> GET /app/login <====
2025-03-21 08:35:39.339 : [http-nio-8080-exec-2] - [INFO ] - c.n.s.s.s.CustomUserDetailsService - [36mloadUserByUsername[0;39m - ====> Authenticate user with username 'admin.admin' <====
2025-03-21 08:35:39.340 : [http-nio-8080-exec-2] - [DEBUG] - org.hibernate.SQL - [36mlogStatement[0;39m - select u1_0.user_id,u1_0.fullname,u1_0.password,u1_0.role,u1_0.username from user u1_0 where u1_0.username=?
2025-03-21 08:35:39.400 : [http-nio-8080-exec-3] - [INFO ] - c.n.s.controllers.HomeController - [36mhome[0;39m - ====> GET / <====
2025-03-21 08:35:41.184 : [http-nio-8080-exec-4] - [INFO ] - c.n.s.controllers.UserController - [36mhome[0;39m - ====> GET /user/list <====
2025-03-21 08:35:41.185 : [http-nio-8080-exec-4] - [DEBUG] - org.hibernate.SQL - [36mlogStatement[0;39m - select u1_0.user_id,u1_0.fullname,u1_0.password,u1_0.role,u1_0.username from user u1_0 where u1_0.username<>?
